[2022-04-21T16:54:01.625] [DEBUG] cheese - login => username:123,password:31232131
[2022-04-21T16:54:01.627] [DEBUG] cheese - 123
[2022-04-21T16:54:01.648] [DEBUG] cheese - null
[2022-04-21T16:54:01.648] [DEBUG] cheese - null
[2022-04-21T16:54:10.014] [DEBUG] cheese - login => username:admin,password:123456
[2022-04-21T16:54:10.014] [DEBUG] cheese - admin
[2022-04-21T16:54:10.018] [DEBUG] cheese - null
[2022-04-21T16:54:10.018] [DEBUG] cheese - null
[2022-04-21T16:59:17.395] [DEBUG] cheese - login => username:213,password:12321312
[2022-04-21T16:59:17.395] [DEBUG] cheese - 213
[2022-04-21T16:59:17.398] [DEBUG] cheese - null
[2022-04-21T16:59:17.398] [DEBUG] cheese - null
[2022-04-21T16:59:19.791] [DEBUG] cheese - login => username:213,password:12321312
[2022-04-21T16:59:19.791] [DEBUG] cheese - 213
[2022-04-21T16:59:19.795] [DEBUG] cheese - null
[2022-04-21T16:59:19.795] [DEBUG] cheese - null
[2022-04-21T16:59:21.479] [DEBUG] cheese - login => username:213,password:12321312
[2022-04-21T16:59:21.479] [DEBUG] cheese - 213
[2022-04-21T16:59:21.483] [DEBUG] cheese - null
[2022-04-21T16:59:21.483] [DEBUG] cheese - null
[2022-04-21T16:59:57.687] [DEBUG] cheese - login => username:admin,password:123456
[2022-04-21T16:59:57.687] [DEBUG] cheese - admin
[2022-04-21T16:59:57.690] [DEBUG] cheese - null
[2022-04-21T16:59:57.690] [DEBUG] cheese - null
[2022-04-21T17:11:53.445] [DEBUG] cheese - login => username:admin,password:123456
[2022-04-21T17:11:53.445] [DEBUG] cheese - admin
[2022-04-21T17:11:53.447] [DEBUG] cheese - null
[2022-04-21T17:11:53.447] [DEBUG] cheese - null
[2022-04-21T17:27:05.625] [DEBUG] cheese - login => username:admin,password:123456
[2022-04-21T17:27:05.625] [DEBUG] cheese - admin
[2022-04-21T17:27:05.627] [DEBUG] cheese - null
[2022-04-21T17:27:05.628] [DEBUG] cheese - null
[2022-04-21T17:27:09.420] [DEBUG] cheese - login => username:admin,password:123456
[2022-04-21T17:27:09.420] [DEBUG] cheese - admin
[2022-04-21T17:27:09.424] [DEBUG] cheese - null
[2022-04-21T17:27:09.424] [DEBUG] cheese - null
[2022-04-21T17:27:13.518] [DEBUG] cheese - login => username:admin,password:123456
[2022-04-21T17:27:13.519] [DEBUG] cheese - admin
[2022-04-21T17:27:13.521] [DEBUG] cheese - null
[2022-04-21T17:27:13.521] [DEBUG] cheese - null
[2022-04-21T17:27:18.263] [DEBUG] cheese - login => username:admin,password:123456
[2022-04-21T17:27:18.263] [DEBUG] cheese - admin
[2022-04-21T17:27:18.266] [DEBUG] cheese - null
[2022-04-21T17:27:18.266] [DEBUG] cheese - null
[2022-04-21T17:34:11.750] [DEBUG] cheese - login => username:admin,password:123456
[2022-04-21T17:34:11.750] [DEBUG] cheese - admin
[2022-04-21T17:34:11.752] [DEBUG] cheese - null
[2022-04-21T17:34:11.753] [DEBUG] cheese - null
[2022-04-21T17:36:10.285] [DEBUG] cheese - login => username:admin,password:123456
[2022-04-21T17:36:10.286] [DEBUG] cheese - admin
[2022-04-21T17:36:10.289] [DEBUG] cheese - null
[2022-04-21T17:36:10.289] [DEBUG] cheese - null
[2022-04-22T07:46:25.527] [DEBUG] cheese - login => username:admin,password:123456
[2022-04-22T07:46:25.529] [DEBUG] cheese - admin
[2022-04-22T07:46:25.544] [DEBUG] cheese - null
[2022-04-22T07:46:25.544] [DEBUG] cheese - null
[2022-04-22T07:53:35.451] [DEBUG] cheese - login => username:admin,password:123456
[2022-04-22T07:53:35.452] [DEBUG] cheese - admin
[2022-04-22T07:53:35.455] [DEBUG] cheese - null
[2022-04-22T07:53:35.455] [DEBUG] cheese - null
[2022-04-22T08:02:35.723] [DEBUG] cheese - login => username:admin,password:123456
[2022-04-22T08:02:35.723] [DEBUG] cheese - admin
[2022-04-22T08:02:35.726] [DEBUG] cheese - null
[2022-04-22T08:02:35.726] [DEBUG] cheese - null
[2022-04-22T08:32:18.262] [DEBUG] cheese - login => username:admin,password:123456
[2022-04-22T08:32:18.262] [DEBUG] cheese - admin
[2022-04-22T08:32:18.266] [DEBUG] cheese - null
[2022-04-22T08:32:18.266] [DEBUG] cheese - null
[2022-04-22T08:32:51.472] [DEBUG] cheese - login => username:admin,password:123456
[2022-04-22T08:32:51.473] [DEBUG] cheese - admin
[2022-04-22T08:32:51.477] [DEBUG] cheese - null
[2022-04-22T08:32:51.477] [DEBUG] cheese - null
[2022-04-22T08:36:32.691] [DEBUG] cheese - login => username:admin,password:123456
[2022-04-22T08:36:32.691] [DEBUG] cheese - admin
[2022-04-22T08:36:32.694] [DEBUG] cheese - null
[2022-04-22T08:36:32.694] [DEBUG] cheese - null
[2022-04-22T08:36:45.565] [DEBUG] cheese - login => username:admin,password:123456
[2022-04-22T08:36:45.565] [DEBUG] cheese - admin
[2022-04-22T08:36:45.569] [DEBUG] cheese - null
[2022-04-22T08:36:45.569] [DEBUG] cheese - null
[2022-04-22T08:37:16.925] [DEBUG] cheese - login => username:admin,password:123456
[2022-04-22T08:37:16.925] [DEBUG] cheese - admin
[2022-04-22T08:37:16.928] [DEBUG] cheese - null
[2022-04-22T08:37:16.928] [DEBUG] cheese - null
[2022-04-22T08:47:19.596] [DEBUG] cheese - login => username:admin,password:123456
[2022-04-22T08:47:19.596] [DEBUG] cheese - admin
[2022-04-22T08:47:19.600] [DEBUG] cheese - null
[2022-04-22T08:47:19.600] [DEBUG] cheese - null
[2022-04-22T09:33:13.035] [DEBUG] cheese - login => username:admin,password:123456
[2022-04-22T09:33:13.035] [DEBUG] cheese - admin
[2022-04-22T09:33:13.037] [DEBUG] cheese - null
[2022-04-22T09:33:13.037] [DEBUG] cheese - null
[2022-04-22T11:53:26.949] [DEBUG] cheese - login => username:admin,password:123456
[2022-04-22T11:53:26.949] [DEBUG] cheese - admin
[2022-04-22T11:53:26.953] [DEBUG] cheese - null
[2022-04-22T11:53:26.954] [DEBUG] cheese - null
[2022-04-22T12:13:38.178] [DEBUG] cheese - login => username:admin,password:123456
[2022-04-22T12:13:38.178] [DEBUG] cheese - admin
[2022-04-22T12:13:38.180] [DEBUG] cheese - null
[2022-04-22T12:13:38.180] [DEBUG] cheese - null
[2022-04-22T12:22:51.781] [DEBUG] cheese - login => username:admin,password:123456
[2022-04-22T12:22:51.781] [DEBUG] cheese - admin
[2022-04-22T12:22:51.782] [DEBUG] cheese - null
[2022-04-22T12:22:51.783] [DEBUG] cheese - null
[2022-04-22T12:23:01.104] [DEBUG] cheese - login => username:admin,password:123456
[2022-04-22T12:23:01.104] [DEBUG] cheese - admin
[2022-04-22T12:23:01.105] [DEBUG] cheese - null
[2022-04-22T12:23:01.106] [DEBUG] cheese - null
[2022-04-22T12:23:06.035] [DEBUG] cheese - login => username:admin,password:123456
[2022-04-22T12:23:06.035] [DEBUG] cheese - admin
[2022-04-22T12:23:06.037] [DEBUG] cheese - null
[2022-04-22T12:23:06.037] [DEBUG] cheese - null
[2022-04-22T12:23:33.648] [DEBUG] cheese - login => username:admin,password:123456
[2022-04-22T12:23:33.648] [DEBUG] cheese - admin
[2022-04-22T12:23:33.650] [DEBUG] cheese - null
[2022-04-22T12:23:33.650] [DEBUG] cheese - null
[2022-04-22T12:24:24.544] [DEBUG] cheese - login => username:admin,password:123456
[2022-04-22T12:24:24.544] [DEBUG] cheese - admin
[2022-04-22T12:24:24.546] [DEBUG] cheese - null
[2022-04-22T12:24:24.546] [DEBUG] cheese - null
[2022-04-22T12:24:30.439] [DEBUG] cheese - login => username:admin,password:123456
[2022-04-22T12:24:30.439] [DEBUG] cheese - admin
[2022-04-22T12:24:30.441] [DEBUG] cheese - null
[2022-04-22T12:24:30.441] [DEBUG] cheese - null
[2022-04-22T12:24:52.714] [DEBUG] cheese - login => username:admin,password:123456
[2022-04-22T12:24:52.714] [DEBUG] cheese - admin
[2022-04-22T12:24:52.716] [DEBUG] cheese - null
[2022-04-22T12:24:52.716] [DEBUG] cheese - null
[2022-04-22T12:25:00.806] [DEBUG] cheese - login => username:admin,password:123456
[2022-04-22T12:25:00.806] [DEBUG] cheese - admin
[2022-04-22T12:25:00.808] [DEBUG] cheese - null
[2022-04-22T12:25:00.808] [DEBUG] cheese - null
[2022-04-22T14:10:03.901] [DEBUG] cheese - login => username:admin,password:123456
[2022-04-22T14:10:03.902] [DEBUG] cheese - admin
[2022-04-22T14:10:03.914] [DEBUG] cheese - null
[2022-04-22T14:10:03.915] [DEBUG] cheese - null
[2022-04-22T14:12:50.659] [DEBUG] cheese - login => username:admin,password:123456
[2022-04-22T14:12:50.659] [DEBUG] cheese - admin
[2022-04-22T14:12:50.663] [DEBUG] cheese - null
[2022-04-22T14:12:50.663] [DEBUG] cheese - null
[2022-04-22T14:15:08.201] [DEBUG] cheese - login => username:admin,password:123456
[2022-04-22T14:15:08.201] [DEBUG] cheese - admin
[2022-04-22T14:15:08.204] [DEBUG] cheese - null
[2022-04-22T14:15:08.204] [DEBUG] cheese - null
[2022-04-22T15:12:49.921] [DEBUG] cheese - login => username:admin,password:123456
[2022-04-22T15:12:49.921] [DEBUG] cheese - admin
[2022-04-22T15:12:49.923] [DEBUG] cheese - null
[2022-04-22T15:12:49.923] [DEBUG] cheese - null
[2022-04-22T16:39:22.926] [DEBUG] cheese - login => username:admin,password:123456
[2022-04-22T16:39:22.926] [DEBUG] cheese - admin
[2022-04-22T16:39:22.928] [DEBUG] cheese - null
[2022-04-22T16:39:22.928] [DEBUG] cheese - null
[2022-04-22T22:57:35.007] [DEBUG] cheese - login => username:admin,password:123456
[2022-04-22T22:57:35.008] [DEBUG] cheese - admin
[2022-04-22T22:57:35.021] [DEBUG] cheese - null
[2022-04-22T22:57:35.021] [DEBUG] cheese - null
[2022-04-22T23:36:05.652] [DEBUG] cheese - login => username:admin,password:123456
[2022-04-22T23:36:05.652] [DEBUG] cheese - admin
[2022-04-22T23:36:05.656] [DEBUG] cheese - null
[2022-04-22T23:36:05.656] [DEBUG] cheese - null
[2022-04-22T23:36:07.645] [DEBUG] cheese - login => username:admin,password:123456
[2022-04-22T23:36:07.646] [DEBUG] cheese - admin
[2022-04-22T23:36:07.649] [DEBUG] cheese - null
[2022-04-22T23:36:07.649] [DEBUG] cheese - null
[2022-04-22T23:36:09.868] [DEBUG] cheese - login => username:admin,password:123456
[2022-04-22T23:36:09.868] [DEBUG] cheese - admin
[2022-04-22T23:36:09.872] [DEBUG] cheese - null
[2022-04-22T23:36:09.872] [DEBUG] cheese - null
[2022-04-22T23:36:12.012] [DEBUG] cheese - login => username:admin,password:123456
[2022-04-22T23:36:12.012] [DEBUG] cheese - admin
[2022-04-22T23:36:12.015] [DEBUG] cheese - null
[2022-04-22T23:36:12.015] [DEBUG] cheese - null
[2022-04-23T07:49:42.441] [DEBUG] cheese - login => username:admin,password:123456
[2022-04-23T07:49:42.442] [DEBUG] cheese - admin
[2022-04-23T07:49:42.453] [DEBUG] cheese - null
[2022-04-23T07:49:42.453] [DEBUG] cheese - null
[2022-04-23T10:41:23.854] [DEBUG] cheese - login => username:admin,password:123456
[2022-04-23T10:41:23.855] [DEBUG] cheese - admin
[2022-04-23T10:41:23.859] [DEBUG] cheese - null
[2022-04-23T10:41:23.860] [DEBUG] cheese - null
[2022-04-23T14:10:59.951] [DEBUG] cheese - login => username:admin,password:123456
[2022-04-23T14:10:59.953] [DEBUG] cheese - admin
[2022-04-23T14:10:59.964] [DEBUG] cheese - null
[2022-04-23T14:10:59.964] [DEBUG] cheese - null
[2022-04-23T14:46:38.706] [DEBUG] cheese - login => username:admin,password:123456
[2022-04-23T14:46:38.707] [DEBUG] cheese - admin
[2022-04-23T14:46:38.755] [DEBUG] cheese - null
[2022-04-23T14:46:38.755] [DEBUG] cheese - null
[2022-04-24T08:26:19.098] [DEBUG] cheese - login => username:123,password:12314455
[2022-04-24T08:26:19.099] [DEBUG] cheese - 123
[2022-04-24T08:26:19.118] [DEBUG] cheese - null
[2022-04-24T08:26:19.118] [DEBUG] cheese - null
[2022-04-24T08:26:34.227] [DEBUG] cheese - login => username:admin,password:123456
[2022-04-24T08:26:34.227] [DEBUG] cheese - admin
[2022-04-24T08:26:34.235] [DEBUG] cheese - null
[2022-04-24T08:26:34.235] [DEBUG] cheese - null
[2022-04-24T08:28:19.035] [DEBUG] cheese - login => username:2312312,password:231231
[2022-04-24T08:28:19.035] [DEBUG] cheese - 2312312
[2022-04-24T08:28:19.038] [DEBUG] cheese - null
[2022-04-24T08:28:19.038] [DEBUG] cheese - null
[2022-04-24T08:30:26.864] [DEBUG] cheese - login => username:2323123,password:23213123
[2022-04-24T08:30:26.864] [DEBUG] cheese - 2323123
[2022-04-24T08:30:26.866] [DEBUG] cheese - null
[2022-04-24T08:30:26.866] [DEBUG] cheese - null
[2022-04-24T08:32:16.877] [DEBUG] cheese - login => username:admin,password:123456
[2022-04-24T08:32:16.877] [DEBUG] cheese - admin
[2022-04-24T08:32:16.881] [DEBUG] cheese - null
[2022-04-24T08:32:16.881] [DEBUG] cheese - null
[2022-04-24T08:34:04.617] [DEBUG] cheese - login => username:admin,password:123456
[2022-04-24T08:34:04.617] [DEBUG] cheese - admin
[2022-04-24T08:34:04.619] [DEBUG] cheese - null
[2022-04-24T08:34:04.619] [DEBUG] cheese - null
[2022-04-24T08:35:17.472] [DEBUG] cheese - login => username:admin,password:123456
[2022-04-24T08:35:17.473] [DEBUG] cheese - admin
[2022-04-24T08:35:17.476] [DEBUG] cheese - null
[2022-04-24T08:35:17.476] [DEBUG] cheese - null
[2022-04-24T08:37:23.937] [DEBUG] cheese - login => username:admin,password:123456
[2022-04-24T08:37:23.937] [DEBUG] cheese - admin
[2022-04-24T08:37:23.939] [DEBUG] cheese - null
[2022-04-24T08:37:23.939] [DEBUG] cheese - null
[2022-04-24T08:37:25.451] [DEBUG] cheese - login => username:admin,password:123456
[2022-04-24T08:37:25.451] [DEBUG] cheese - admin
[2022-04-24T08:37:25.454] [DEBUG] cheese - null
[2022-04-24T08:37:25.454] [DEBUG] cheese - null
[2022-04-24T08:38:49.011] [DEBUG] cheese - login => username:admin,password:123456
[2022-04-24T08:38:49.011] [DEBUG] cheese - admin
[2022-04-24T08:38:49.014] [DEBUG] cheese - null
[2022-04-24T08:38:49.014] [DEBUG] cheese - null
[2022-04-24T08:54:19.731] [DEBUG] cheese - login => username:admin,password:123456
[2022-04-24T08:54:19.731] [DEBUG] cheese - admin
[2022-04-24T08:54:19.733] [DEBUG] cheese - null
[2022-04-24T08:54:19.733] [DEBUG] cheese - null
[2022-04-24T08:54:24.943] [DEBUG] cheese - login => username:admin,password:123456
[2022-04-24T08:54:24.943] [DEBUG] cheese - admin
[2022-04-24T08:54:24.946] [DEBUG] cheese - null
[2022-04-24T08:54:24.946] [DEBUG] cheese - null
[2022-04-24T08:55:01.576] [DEBUG] cheese - login => username:admin,password:123456
[2022-04-24T08:55:01.576] [DEBUG] cheese - admin
[2022-04-24T08:55:01.578] [DEBUG] cheese - null
[2022-04-24T08:55:01.578] [DEBUG] cheese - null
[2022-04-24T09:35:38.743] [DEBUG] cheese - login => username:admin,password:123456
[2022-04-24T09:35:38.743] [DEBUG] cheese - admin
[2022-04-24T09:35:38.746] [DEBUG] cheese - null
[2022-04-24T09:35:38.746] [DEBUG] cheese - null
[2022-04-24T09:35:55.398] [DEBUG] cheese - login => username:admin,password:123456
[2022-04-24T09:35:55.398] [DEBUG] cheese - admin
[2022-04-24T09:35:55.400] [DEBUG] cheese - null
[2022-04-24T09:35:55.400] [DEBUG] cheese - null
[2022-04-24T09:35:59.474] [DEBUG] cheese - login => username:admin,password:123456
[2022-04-24T09:35:59.474] [DEBUG] cheese - admin
[2022-04-24T09:35:59.477] [DEBUG] cheese - null
[2022-04-24T09:35:59.477] [DEBUG] cheese - null
[2022-04-24T09:36:03.795] [DEBUG] cheese - login => username:admin,password:123456
[2022-04-24T09:36:03.795] [DEBUG] cheese - admin
[2022-04-24T09:36:03.797] [DEBUG] cheese - null
[2022-04-24T09:36:03.797] [DEBUG] cheese - null
[2022-04-24T09:36:25.548] [DEBUG] cheese - login => username:admin,password:123456
[2022-04-24T09:36:25.548] [DEBUG] cheese - admin
[2022-04-24T09:36:25.550] [DEBUG] cheese - null
[2022-04-24T09:36:25.550] [DEBUG] cheese - null
[2022-04-24T09:36:29.850] [DEBUG] cheese - login => username:admin,password:123456
[2022-04-24T09:36:29.850] [DEBUG] cheese - admin
[2022-04-24T09:36:29.852] [DEBUG] cheese - null
[2022-04-24T09:36:29.852] [DEBUG] cheese - null
[2022-04-24T09:36:32.795] [DEBUG] cheese - login => username:admin,password:123456
[2022-04-24T09:36:32.796] [DEBUG] cheese - admin
[2022-04-24T09:36:32.797] [DEBUG] cheese - null
[2022-04-24T09:36:32.798] [DEBUG] cheese - null
[2022-04-24T09:36:36.537] [DEBUG] cheese - login => username:admin,password:123456
[2022-04-24T09:36:36.537] [DEBUG] cheese - admin
[2022-04-24T09:36:36.540] [DEBUG] cheese - null
[2022-04-24T09:36:36.541] [DEBUG] cheese - null
[2022-04-24T09:36:38.930] [DEBUG] cheese - login => username:admin,password:123456
[2022-04-24T09:36:38.930] [DEBUG] cheese - admin
[2022-04-24T09:36:38.932] [DEBUG] cheese - null
[2022-04-24T09:36:38.932] [DEBUG] cheese - null
[2022-04-24T09:36:52.127] [DEBUG] cheese - login => username:admin,password:123456
[2022-04-24T09:36:52.127] [DEBUG] cheese - admin
[2022-04-24T09:36:52.130] [DEBUG] cheese - null
[2022-04-24T09:36:52.131] [DEBUG] cheese - null
[2022-04-24T09:40:00.548] [DEBUG] cheese - login => username:admin,password:123456
[2022-04-24T09:40:00.548] [DEBUG] cheese - admin
[2022-04-24T09:40:00.550] [DEBUG] cheese - null
[2022-04-24T09:40:00.550] [DEBUG] cheese - null
[2022-04-24T09:41:16.647] [DEBUG] cheese - login => username:admin,password:123456
[2022-04-24T09:41:16.647] [DEBUG] cheese - admin
[2022-04-24T09:41:16.649] [DEBUG] cheese - null
[2022-04-24T09:41:16.649] [DEBUG] cheese - null
[2022-04-24T09:41:28.756] [DEBUG] cheese - login => username:admin,password:123456
[2022-04-24T09:41:28.756] [DEBUG] cheese - admin
[2022-04-24T09:41:28.758] [DEBUG] cheese - null
[2022-04-24T09:41:28.758] [DEBUG] cheese - null
[2022-04-24T09:46:21.179] [DEBUG] cheese - login => username:admin,password:123456
[2022-04-24T09:46:21.179] [DEBUG] cheese - admin
[2022-04-24T09:46:21.181] [DEBUG] cheese - null
[2022-04-24T09:46:21.181] [DEBUG] cheese - null
[2022-04-24T09:48:17.620] [DEBUG] cheese - login => username:admin,password:123456
[2022-04-24T09:48:17.620] [DEBUG] cheese - admin
[2022-04-24T09:48:17.622] [DEBUG] cheese - null
[2022-04-24T09:48:17.622] [DEBUG] cheese - null
[2022-04-24T09:49:59.999] [DEBUG] cheese - login => username:admin,password:123456
[2022-04-24T09:49:59.999] [DEBUG] cheese - admin
[2022-04-24T09:50:00.001] [DEBUG] cheese - null
[2022-04-24T09:50:00.001] [DEBUG] cheese - null
[2022-04-24T09:50:04.441] [DEBUG] cheese - login => username:admin,password:123456
[2022-04-24T09:50:04.441] [DEBUG] cheese - admin
[2022-04-24T09:50:04.444] [DEBUG] cheese - null
[2022-04-24T09:50:04.444] [DEBUG] cheese - null
[2022-04-24T09:50:12.315] [DEBUG] cheese - login => username:admin,password:123456
[2022-04-24T09:50:12.315] [DEBUG] cheese - admin
[2022-04-24T09:50:12.317] [DEBUG] cheese - null
[2022-04-24T09:50:12.317] [DEBUG] cheese - null
[2022-04-24T09:55:14.199] [DEBUG] cheese - login => username:admin,password:123456
[2022-04-24T09:55:14.199] [DEBUG] cheese - admin
[2022-04-24T09:55:14.201] [DEBUG] cheese - null
[2022-04-24T09:55:14.201] [DEBUG] cheese - null
[2022-04-24T11:01:18.260] [DEBUG] cheese - login => username:admin,password:123456
[2022-04-24T11:01:18.261] [DEBUG] cheese - admin
[2022-04-24T11:01:18.264] [DEBUG] cheese - null
[2022-04-24T11:01:18.264] [DEBUG] cheese - null
[2022-04-24T11:18:59.182] [DEBUG] cheese - login => username:admin,password:123456
[2022-04-24T11:18:59.182] [DEBUG] cheese - admin
[2022-04-24T11:18:59.184] [DEBUG] cheese - null
[2022-04-24T11:18:59.185] [DEBUG] cheese - null
[2022-04-24T14:14:04.526] [DEBUG] cheese - login => username:admin,password:123456
[2022-04-24T14:14:04.527] [DEBUG] cheese - admin
[2022-04-24T14:14:04.540] [DEBUG] cheese - null
[2022-04-24T14:14:04.540] [DEBUG] cheese - null
[2022-04-24T14:38:00.926] [DEBUG] cheese - login => username:admin,password:123456
[2022-04-24T14:38:00.927] [DEBUG] cheese - admin
[2022-04-24T14:38:00.929] [DEBUG] cheese - null
[2022-04-24T14:38:00.929] [DEBUG] cheese - null
[2022-04-24T14:39:31.864] [DEBUG] cheese - login => username:admin,password:123456
[2022-04-24T14:39:31.865] [DEBUG] cheese - admin
[2022-04-24T14:39:31.867] [DEBUG] cheese - null
[2022-04-24T14:39:31.868] [DEBUG] cheese - null
[2022-04-25T09:36:26.448] [DEBUG] cheese - login => username:admin,password:123456
[2022-04-25T09:36:26.449] [DEBUG] cheese - admin
[2022-04-25T09:36:26.453] [DEBUG] cheese - null
[2022-04-25T09:36:26.453] [DEBUG] cheese - null
[2022-04-25T10:07:19.229] [DEBUG] cheese - login => username:213213123,password:123456
[2022-04-25T10:07:19.229] [DEBUG] cheese - 213213123
[2022-04-25T10:07:19.231] [DEBUG] cheese - null
[2022-04-25T10:07:19.231] [DEBUG] cheese - null
[2022-04-25T10:07:36.471] [DEBUG] cheese - login => username:admin,password:123456
[2022-04-25T10:07:36.471] [DEBUG] cheese - admin
[2022-04-25T10:07:36.474] [DEBUG] cheese - null
[2022-04-25T10:07:36.474] [DEBUG] cheese - null
[2022-04-25T10:07:49.882] [DEBUG] cheese - login => username:admin,password:123456
[2022-04-25T10:07:49.882] [DEBUG] cheese - admin
[2022-04-25T10:07:49.884] [DEBUG] cheese - null
[2022-04-25T10:07:49.884] [DEBUG] cheese - null
[2022-04-25T10:45:40.314] [DEBUG] cheese - login => username:122,password:123456
[2022-04-25T10:45:40.314] [DEBUG] cheese - 122
[2022-04-25T10:45:40.317] [DEBUG] cheese - null
[2022-04-25T10:45:40.318] [DEBUG] cheese - null
[2022-04-25T10:45:48.759] [DEBUG] cheese - login => username:admin,password:123456
[2022-04-25T10:45:48.760] [DEBUG] cheese - admin
[2022-04-25T10:45:48.762] [DEBUG] cheese - null
[2022-04-25T10:45:48.762] [DEBUG] cheese - null
[2022-04-25T14:14:02.862] [DEBUG] cheese - login => username:admin,password:123456
[2022-04-25T14:14:02.864] [DEBUG] cheese - admin
[2022-04-25T14:14:02.904] [DEBUG] cheese - null
[2022-04-25T14:14:02.905] [DEBUG] cheese - null
[2022-04-25T15:31:47.211] [DEBUG] cheese - login => username:admin,password:123456
[2022-04-25T15:31:47.211] [DEBUG] cheese - admin
[2022-04-25T15:31:47.214] [DEBUG] cheese - null
[2022-04-25T15:31:47.214] [DEBUG] cheese - null
[2022-04-25T16:55:29.069] [DEBUG] cheese - login => username:admin,password:123456
[2022-04-25T16:55:29.070] [DEBUG] cheese - admin
[2022-04-25T16:55:29.072] [DEBUG] cheese - null
[2022-04-25T16:55:29.072] [DEBUG] cheese - null
[2022-04-25T16:58:26.953] [DEBUG] cheese - login => username:admin,password:123456
[2022-04-25T16:58:26.954] [DEBUG] cheese - admin
[2022-04-25T16:58:26.957] [DEBUG] cheese - null
[2022-04-25T16:58:26.957] [DEBUG] cheese - null
[2022-04-25T16:58:35.311] [DEBUG] cheese - login => username:admin,password:123456
[2022-04-25T16:58:35.311] [DEBUG] cheese - admin
[2022-04-25T16:58:35.313] [DEBUG] cheese - null
[2022-04-25T16:58:35.314] [DEBUG] cheese - null
[2022-04-25T17:00:45.941] [DEBUG] cheese - login => username:wyz,password:123456
[2022-04-25T17:00:45.941] [DEBUG] cheese - wyz
[2022-04-25T17:00:45.942] [DEBUG] cheese - null
[2022-04-25T17:00:45.943] [DEBUG] cheese - null
[2022-04-25T17:00:49.912] [DEBUG] cheese - login => username:wyz,password:123456
[2022-04-25T17:00:49.912] [DEBUG] cheese - wyz
[2022-04-25T17:00:49.917] [DEBUG] cheese - null
[2022-04-25T17:00:49.917] [DEBUG] cheese - null
[2022-04-25T17:00:59.865] [DEBUG] cheese - login => username:admin,password:123456
[2022-04-25T17:00:59.865] [DEBUG] cheese - admin
[2022-04-25T17:00:59.867] [DEBUG] cheese - null
[2022-04-25T17:00:59.867] [DEBUG] cheese - null
[2022-04-25T17:01:21.157] [DEBUG] cheese - login => username:wyz,password:123456
[2022-04-25T17:01:21.157] [DEBUG] cheese - wyz
[2022-04-25T17:01:21.160] [DEBUG] cheese - null
[2022-04-25T17:01:21.160] [DEBUG] cheese - null
[2022-04-25T17:01:25.304] [DEBUG] cheese - login => username:wyz,password:123456
[2022-04-25T17:01:25.304] [DEBUG] cheese - wyz
[2022-04-25T17:01:25.306] [DEBUG] cheese - null
[2022-04-25T17:01:25.306] [DEBUG] cheese - null
[2022-04-25T17:01:28.275] [DEBUG] cheese - login => username:wyz,password:123456
[2022-04-25T17:01:28.276] [DEBUG] cheese - wyz
[2022-04-25T17:01:28.278] [DEBUG] cheese - null
[2022-04-25T17:01:28.279] [DEBUG] cheese - null
[2022-04-25T17:01:29.035] [DEBUG] cheese - login => username:wyz,password:123456
[2022-04-25T17:01:29.035] [DEBUG] cheese - wyz
[2022-04-25T17:01:29.037] [DEBUG] cheese - null
[2022-04-25T17:01:29.037] [DEBUG] cheese - null
[2022-04-25T17:01:33.789] [DEBUG] cheese - login => username:admin,password:123456
[2022-04-25T17:01:33.789] [DEBUG] cheese - admin
[2022-04-25T17:01:33.791] [DEBUG] cheese - null
[2022-04-25T17:01:33.791] [DEBUG] cheese - null
[2022-04-25T17:09:03.254] [DEBUG] cheese - login => username:admin,password:123456
[2022-04-25T17:09:03.254] [DEBUG] cheese - admin
[2022-04-25T17:09:03.255] [DEBUG] cheese - null
[2022-04-25T17:09:03.256] [DEBUG] cheese - null
[2022-04-25T22:56:25.731] [DEBUG] cheese - null
[2022-04-25T22:56:38.568] [DEBUG] cheese - null
[2022-04-25T22:58:47.349] [DEBUG] cheese - null
[2022-04-25T23:00:42.372] [DEBUG] cheese - null
[2022-04-25T23:00:48.456] [DEBUG] cheese - null
[2022-04-26T07:49:02.626] [DEBUG] cheese - login => username:admin,password:123456
[2022-04-26T07:49:02.627] [DEBUG] cheese - admin
[2022-04-26T07:49:02.640] [DEBUG] cheese - null
[2022-04-26T07:49:02.640] [DEBUG] cheese - null
[2022-04-26T14:24:42.642] [DEBUG] cheese - login => username:admin,password:123456
[2022-04-26T14:24:42.644] [DEBUG] cheese - admin
[2022-04-26T14:24:42.656] [DEBUG] cheese - null
[2022-04-26T14:24:42.657] [DEBUG] cheese - null
[2022-04-26T15:08:22.146] [DEBUG] cheese - login => username:admin,password:123456
[2022-04-26T15:08:22.146] [DEBUG] cheese - admin
[2022-04-26T15:08:22.148] [DEBUG] cheese - null
[2022-04-26T15:08:22.148] [DEBUG] cheese - null
[2022-04-26T15:31:19.531] [DEBUG] cheese - login => username:admin,password:123456
[2022-04-26T15:31:19.532] [DEBUG] cheese - admin
[2022-04-26T15:31:19.534] [DEBUG] cheese - null
[2022-04-26T15:31:19.534] [DEBUG] cheese - null
[2022-04-27T13:59:42.853] [DEBUG] cheese - login => username:admin,password:123456
[2022-04-27T13:59:42.854] [DEBUG] cheese - admin
[2022-04-27T13:59:42.901] [DEBUG] cheese - null
[2022-04-27T13:59:42.901] [DEBUG] cheese - null
[2022-04-27T14:01:36.536] [DEBUG] cheese - login => username:admin,password:123456
[2022-04-27T14:01:36.536] [DEBUG] cheese - admin
[2022-04-27T14:01:36.538] [DEBUG] cheese - null
[2022-04-27T14:01:36.539] [DEBUG] cheese - null
[2022-04-27T14:03:29.434] [DEBUG] cheese - login => username:admin,password:123456
[2022-04-27T14:03:29.435] [DEBUG] cheese - admin
[2022-04-27T14:03:29.438] [DEBUG] cheese - null
[2022-04-27T14:03:29.438] [DEBUG] cheese - null
[2022-04-27T14:13:47.793] [DEBUG] cheese - login => username:admin,password:123456
[2022-04-27T14:13:47.794] [DEBUG] cheese - admin
[2022-04-27T14:13:47.797] [DEBUG] cheese - null
[2022-04-27T14:13:47.797] [DEBUG] cheese - null
[2022-04-28T07:28:25.977] [DEBUG] cheese - login => username:admin,password:123456
[2022-04-28T07:28:25.978] [DEBUG] cheese - admin
[2022-04-28T07:28:26.044] [DEBUG] cheese - null
[2022-04-28T07:28:26.044] [DEBUG] cheese - null
[2022-04-28T14:24:09.836] [DEBUG] cheese - login => username:admin,password:123456
[2022-04-28T14:24:09.837] [DEBUG] cheese - admin
[2022-04-28T14:24:09.877] [DEBUG] cheese - null
[2022-04-28T14:24:09.877] [DEBUG] cheese - null
[2022-04-28T20:30:43.235] [DEBUG] cheese - login => username:admin,password:123456
[2022-04-28T20:30:43.236] [DEBUG] cheese - admin
[2022-04-28T20:30:43.249] [DEBUG] cheese - null
[2022-04-28T20:30:43.249] [DEBUG] cheese - null
[2022-04-28T20:36:52.456] [DEBUG] cheese - login => username:admin,password:123456
[2022-04-28T20:36:52.458] [DEBUG] cheese - admin
[2022-04-28T20:36:52.462] [DEBUG] cheese - null
[2022-04-28T20:36:52.462] [DEBUG] cheese - null
[2022-04-29T07:42:59.418] [DEBUG] cheese - login => username:admin,password:123456
[2022-04-29T07:42:59.421] [DEBUG] cheese - admin
[2022-04-29T07:42:59.434] [DEBUG] cheese - null
[2022-04-29T07:42:59.434] [DEBUG] cheese - null
[2022-04-29T07:56:57.506] [DEBUG] cheese - login => username:admin,password:123456
[2022-04-29T07:56:57.507] [DEBUG] cheese - admin
[2022-04-29T07:56:57.511] [DEBUG] cheese - null
[2022-04-29T07:56:57.511] [DEBUG] cheese - null
